GAS LISTING /tmp/ccvFmfbZ.s 			page 1


   1               		.file	"font.c"
   2               	__SP_H__ = 0x3e
   3               	__SP_L__ = 0x3d
   4               	__SREG__ = 0x3f
   5               	__tmp_reg__ = 0
   6               	__zero_reg__ = 1
   7               		.stabs	"/home/kpz/prj/tea/tea-comp2215-compsysII/ilMatto/io-board/ioboardHardwareReleaseTest/lcdli
   8               		.stabs	"font.c",100,0,2,.Ltext0
   9               		.text
  10               	.Ltext0:
  11               		.stabs	"gcc2_compiled.",60,0,0,0
  12               		.stabs	"int:t(0,1)=r(0,1);-32768;32767;",128,0,0,0
  13               		.stabs	"char:t(0,2)=@s8;r(0,2);0;255;",128,0,0,0
  14               		.stabs	"long int:t(0,3)=@s32;r(0,3);020000000000;017777777777;",128,0,0,0
  15               		.stabs	"unsigned int:t(0,4)=r(0,4);0;0177777;",128,0,0,0
  16               		.stabs	"long unsigned int:t(0,5)=@s32;r(0,5);0;037777777777;",128,0,0,0
  17               		.stabs	"long long int:t(0,6)=@s64;r(0,6);01000000000000000000000;0777777777777777777777;",128,0,0,
  18               		.stabs	"long long unsigned int:t(0,7)=@s64;r(0,7);0;01777777777777777777777;",128,0,0,0
  19               		.stabs	"short int:t(0,8)=r(0,8);-32768;32767;",128,0,0,0
  20               		.stabs	"short unsigned int:t(0,9)=r(0,9);0;0177777;",128,0,0,0
  21               		.stabs	"signed char:t(0,10)=@s8;r(0,10);-128;127;",128,0,0,0
  22               		.stabs	"unsigned char:t(0,11)=@s8;r(0,11);0;255;",128,0,0,0
  23               		.stabs	"float:t(0,12)=r(0,1);4;0;",128,0,0,0
  24               		.stabs	"double:t(0,13)=r(0,1);4;0;",128,0,0,0
  25               		.stabs	"long double:t(0,14)=r(0,1);4;0;",128,0,0,0
  26               		.stabs	"void:t(0,15)=(0,15)",128,0,0,0
  27               		.stabs	"/usr/lib/gcc/avr/4.7.2/../../../avr/include/avr/pgmspace.h",130,0,0,0
  28               		.stabs	"/usr/lib/gcc/avr/4.7.2/../../../avr/include/inttypes.h",130,0,0,0
  29               		.stabs	"/usr/lib/gcc/avr/4.7.2/include/stdint.h",130,0,0,0
  30               		.stabs	"/usr/lib/gcc/avr/4.7.2/../../../avr/include/stdint.h",130,0,0,0
  31               		.stabs	"int8_t:t(4,1)=(0,10)",128,0,121,0
  32               		.stabs	"uint8_t:t(4,2)=(0,11)",128,0,122,0
  33               		.stabs	"int16_t:t(4,3)=(0,1)",128,0,123,0
  34               		.stabs	"uint16_t:t(4,4)=(0,4)",128,0,124,0
  35               		.stabs	"int32_t:t(4,5)=(0,3)",128,0,125,0
  36               		.stabs	"uint32_t:t(4,6)=(0,5)",128,0,126,0
  37               		.stabs	"int64_t:t(4,7)=(0,6)",128,0,128,0
  38               		.stabs	"uint64_t:t(4,8)=(0,7)",128,0,129,0
  39               		.stabs	"intptr_t:t(4,9)=(4,3)",128,0,142,0
  40               		.stabs	"uintptr_t:t(4,10)=(4,4)",128,0,147,0
  41               		.stabs	"int_least8_t:t(4,11)=(4,1)",128,0,159,0
  42               		.stabs	"uint_least8_t:t(4,12)=(4,2)",128,0,164,0
  43               		.stabs	"int_least16_t:t(4,13)=(4,3)",128,0,169,0
  44               		.stabs	"uint_least16_t:t(4,14)=(4,4)",128,0,174,0
  45               		.stabs	"int_least32_t:t(4,15)=(4,5)",128,0,179,0
  46               		.stabs	"uint_least32_t:t(4,16)=(4,6)",128,0,184,0
  47               		.stabs	"int_least64_t:t(4,17)=(4,7)",128,0,192,0
  48               		.stabs	"uint_least64_t:t(4,18)=(4,8)",128,0,199,0
  49               		.stabs	"int_fast8_t:t(4,19)=(4,1)",128,0,213,0
  50               		.stabs	"uint_fast8_t:t(4,20)=(4,2)",128,0,218,0
  51               		.stabs	"int_fast16_t:t(4,21)=(4,3)",128,0,223,0
  52               		.stabs	"uint_fast16_t:t(4,22)=(4,4)",128,0,228,0
  53               		.stabs	"int_fast32_t:t(4,23)=(4,5)",128,0,233,0
  54               		.stabs	"uint_fast32_t:t(4,24)=(4,6)",128,0,238,0
  55               		.stabs	"int_fast64_t:t(4,25)=(4,7)",128,0,246,0
  56               		.stabs	"uint_fast64_t:t(4,26)=(4,8)",128,0,253,0
  57               		.stabs	"intmax_t:t(4,27)=(4,7)",128,0,273,0
GAS LISTING /tmp/ccvFmfbZ.s 			page 2


  58               		.stabs	"uintmax_t:t(4,28)=(4,8)",128,0,278,0
  59               		.stabn	162,0,0,0
  60               		.stabn	162,0,0,0
  61               		.stabs	"int_farptr_t:t(2,1)=(4,5)",128,0,77,0
  62               		.stabs	"uint_farptr_t:t(2,2)=(4,6)",128,0,81,0
  63               		.stabn	162,0,0,0
  64               		.stabs	"/usr/lib/gcc/avr/4.7.2/include/stddef.h",130,0,0,0
  65               		.stabs	"size_t:t(5,1)=(0,4)",128,0,213,0
  66               		.stabn	162,0,0,0
  67               		.stabs	"/usr/lib/gcc/avr/4.7.2/../../../avr/include/avr/io.h",130,0,0,0
  68               		.stabs	"/usr/lib/gcc/avr/4.7.2/../../../avr/include/avr/fuse.h",130,0,0,0
  69               		.stabs	"__fuse_t:t(7,1)=(7,2)=s3low:(0,11),0,8;high:(0,11),8,8;extended:(0,11),16,8;;",128,0,244,0
  70               		.stabn	162,0,0,0
  71               		.stabn	162,0,0,0
  72               		.stabn	162,0,0,0
  73               	.global	font5x7
  74               		.section	.progmem.data,"a",@progbits
  75               		.type	font5x7, @object
  76               		.size	font5x7, 475
  77               	font5x7:
  78 0000 00        		.byte	0
  79 0001 00        		.byte	0
  80 0002 00        		.byte	0
  81 0003 00        		.byte	0
  82 0004 00        		.byte	0
  83 0005 00        		.byte	0
  84 0006 00        		.byte	0
  85 0007 5F        		.byte	95
  86 0008 00        		.byte	0
  87 0009 00        		.byte	0
  88 000a 00        		.byte	0
  89 000b 03        		.byte	3
  90 000c 00        		.byte	0
  91 000d 03        		.byte	3
  92 000e 00        		.byte	0
  93 000f 14        		.byte	20
  94 0010 3E        		.byte	62
  95 0011 14        		.byte	20
  96 0012 3E        		.byte	62
  97 0013 14        		.byte	20
  98 0014 24        		.byte	36
  99 0015 2A        		.byte	42
 100 0016 7F        		.byte	127
 101 0017 2A        		.byte	42
 102 0018 12        		.byte	18
 103 0019 43        		.byte	67
 104 001a 33        		.byte	51
 105 001b 08        		.byte	8
 106 001c 66        		.byte	102
 107 001d 61        		.byte	97
 108 001e 36        		.byte	54
 109 001f 49        		.byte	73
 110 0020 55        		.byte	85
 111 0021 22        		.byte	34
 112 0022 50        		.byte	80
 113 0023 00        		.byte	0
 114 0024 05        		.byte	5
GAS LISTING /tmp/ccvFmfbZ.s 			page 3


 115 0025 03        		.byte	3
 116 0026 00        		.byte	0
 117 0027 00        		.byte	0
 118 0028 00        		.byte	0
 119 0029 1C        		.byte	28
 120 002a 22        		.byte	34
 121 002b 41        		.byte	65
 122 002c 00        		.byte	0
 123 002d 00        		.byte	0
 124 002e 41        		.byte	65
 125 002f 22        		.byte	34
 126 0030 1C        		.byte	28
 127 0031 00        		.byte	0
 128 0032 14        		.byte	20
 129 0033 08        		.byte	8
 130 0034 3E        		.byte	62
 131 0035 08        		.byte	8
 132 0036 14        		.byte	20
 133 0037 08        		.byte	8
 134 0038 08        		.byte	8
 135 0039 3E        		.byte	62
 136 003a 08        		.byte	8
 137 003b 08        		.byte	8
 138 003c 00        		.byte	0
 139 003d 50        		.byte	80
 140 003e 30        		.byte	48
 141 003f 00        		.byte	0
 142 0040 00        		.byte	0
 143 0041 08        		.byte	8
 144 0042 08        		.byte	8
 145 0043 08        		.byte	8
 146 0044 08        		.byte	8
 147 0045 08        		.byte	8
 148 0046 00        		.byte	0
 149 0047 60        		.byte	96
 150 0048 60        		.byte	96
 151 0049 00        		.byte	0
 152 004a 00        		.byte	0
 153 004b 20        		.byte	32
 154 004c 10        		.byte	16
 155 004d 08        		.byte	8
 156 004e 04        		.byte	4
 157 004f 02        		.byte	2
 158 0050 3E        		.byte	62
 159 0051 51        		.byte	81
 160 0052 49        		.byte	73
 161 0053 45        		.byte	69
 162 0054 3E        		.byte	62
 163 0055 00        		.byte	0
 164 0056 04        		.byte	4
 165 0057 02        		.byte	2
 166 0058 7F        		.byte	127
 167 0059 00        		.byte	0
 168 005a 42        		.byte	66
 169 005b 61        		.byte	97
 170 005c 51        		.byte	81
 171 005d 49        		.byte	73
GAS LISTING /tmp/ccvFmfbZ.s 			page 4


 172 005e 46        		.byte	70
 173 005f 22        		.byte	34
 174 0060 41        		.byte	65
 175 0061 49        		.byte	73
 176 0062 49        		.byte	73
 177 0063 36        		.byte	54
 178 0064 18        		.byte	24
 179 0065 14        		.byte	20
 180 0066 12        		.byte	18
 181 0067 7F        		.byte	127
 182 0068 10        		.byte	16
 183 0069 27        		.byte	39
 184 006a 45        		.byte	69
 185 006b 45        		.byte	69
 186 006c 45        		.byte	69
 187 006d 39        		.byte	57
 188 006e 3E        		.byte	62
 189 006f 49        		.byte	73
 190 0070 49        		.byte	73
 191 0071 49        		.byte	73
 192 0072 32        		.byte	50
 193 0073 01        		.byte	1
 194 0074 01        		.byte	1
 195 0075 71        		.byte	113
 196 0076 09        		.byte	9
 197 0077 07        		.byte	7
 198 0078 36        		.byte	54
 199 0079 49        		.byte	73
 200 007a 49        		.byte	73
 201 007b 49        		.byte	73
 202 007c 36        		.byte	54
 203 007d 26        		.byte	38
 204 007e 49        		.byte	73
 205 007f 49        		.byte	73
 206 0080 49        		.byte	73
 207 0081 3E        		.byte	62
 208 0082 00        		.byte	0
 209 0083 36        		.byte	54
 210 0084 36        		.byte	54
 211 0085 00        		.byte	0
 212 0086 00        		.byte	0
 213 0087 00        		.byte	0
 214 0088 56        		.byte	86
 215 0089 36        		.byte	54
 216 008a 00        		.byte	0
 217 008b 00        		.byte	0
 218 008c 08        		.byte	8
 219 008d 14        		.byte	20
 220 008e 22        		.byte	34
 221 008f 41        		.byte	65
 222 0090 00        		.byte	0
 223 0091 14        		.byte	20
 224 0092 14        		.byte	20
 225 0093 14        		.byte	20
 226 0094 14        		.byte	20
 227 0095 14        		.byte	20
 228 0096 00        		.byte	0
GAS LISTING /tmp/ccvFmfbZ.s 			page 5


 229 0097 41        		.byte	65
 230 0098 22        		.byte	34
 231 0099 14        		.byte	20
 232 009a 08        		.byte	8
 233 009b 02        		.byte	2
 234 009c 01        		.byte	1
 235 009d 51        		.byte	81
 236 009e 09        		.byte	9
 237 009f 06        		.byte	6
 238 00a0 3E        		.byte	62
 239 00a1 41        		.byte	65
 240 00a2 59        		.byte	89
 241 00a3 55        		.byte	85
 242 00a4 5E        		.byte	94
 243 00a5 7E        		.byte	126
 244 00a6 09        		.byte	9
 245 00a7 09        		.byte	9
 246 00a8 09        		.byte	9
 247 00a9 7E        		.byte	126
 248 00aa 7F        		.byte	127
 249 00ab 49        		.byte	73
 250 00ac 49        		.byte	73
 251 00ad 49        		.byte	73
 252 00ae 36        		.byte	54
 253 00af 3E        		.byte	62
 254 00b0 41        		.byte	65
 255 00b1 41        		.byte	65
 256 00b2 41        		.byte	65
 257 00b3 22        		.byte	34
 258 00b4 7F        		.byte	127
 259 00b5 41        		.byte	65
 260 00b6 41        		.byte	65
 261 00b7 41        		.byte	65
 262 00b8 3E        		.byte	62
 263 00b9 7F        		.byte	127
 264 00ba 49        		.byte	73
 265 00bb 49        		.byte	73
 266 00bc 49        		.byte	73
 267 00bd 41        		.byte	65
 268 00be 7F        		.byte	127
 269 00bf 09        		.byte	9
 270 00c0 09        		.byte	9
 271 00c1 09        		.byte	9
 272 00c2 01        		.byte	1
 273 00c3 3E        		.byte	62
 274 00c4 41        		.byte	65
 275 00c5 41        		.byte	65
 276 00c6 49        		.byte	73
 277 00c7 3A        		.byte	58
 278 00c8 7F        		.byte	127
 279 00c9 08        		.byte	8
 280 00ca 08        		.byte	8
 281 00cb 08        		.byte	8
 282 00cc 7F        		.byte	127
 283 00cd 00        		.byte	0
 284 00ce 41        		.byte	65
 285 00cf 7F        		.byte	127
GAS LISTING /tmp/ccvFmfbZ.s 			page 6


 286 00d0 41        		.byte	65
 287 00d1 00        		.byte	0
 288 00d2 30        		.byte	48
 289 00d3 40        		.byte	64
 290 00d4 40        		.byte	64
 291 00d5 40        		.byte	64
 292 00d6 3F        		.byte	63
 293 00d7 7F        		.byte	127
 294 00d8 08        		.byte	8
 295 00d9 14        		.byte	20
 296 00da 22        		.byte	34
 297 00db 41        		.byte	65
 298 00dc 7F        		.byte	127
 299 00dd 40        		.byte	64
 300 00de 40        		.byte	64
 301 00df 40        		.byte	64
 302 00e0 40        		.byte	64
 303 00e1 7F        		.byte	127
 304 00e2 02        		.byte	2
 305 00e3 0C        		.byte	12
 306 00e4 02        		.byte	2
 307 00e5 7F        		.byte	127
 308 00e6 7F        		.byte	127
 309 00e7 02        		.byte	2
 310 00e8 04        		.byte	4
 311 00e9 08        		.byte	8
 312 00ea 7F        		.byte	127
 313 00eb 3E        		.byte	62
 314 00ec 41        		.byte	65
 315 00ed 41        		.byte	65
 316 00ee 41        		.byte	65
 317 00ef 3E        		.byte	62
 318 00f0 7F        		.byte	127
 319 00f1 09        		.byte	9
 320 00f2 09        		.byte	9
 321 00f3 09        		.byte	9
 322 00f4 06        		.byte	6
 323 00f5 1E        		.byte	30
 324 00f6 21        		.byte	33
 325 00f7 21        		.byte	33
 326 00f8 21        		.byte	33
 327 00f9 5E        		.byte	94
 328 00fa 7F        		.byte	127
 329 00fb 09        		.byte	9
 330 00fc 09        		.byte	9
 331 00fd 09        		.byte	9
 332 00fe 76        		.byte	118
 333 00ff 26        		.byte	38
 334 0100 49        		.byte	73
 335 0101 49        		.byte	73
 336 0102 49        		.byte	73
 337 0103 32        		.byte	50
 338 0104 01        		.byte	1
 339 0105 01        		.byte	1
 340 0106 7F        		.byte	127
 341 0107 01        		.byte	1
 342 0108 01        		.byte	1
GAS LISTING /tmp/ccvFmfbZ.s 			page 7


 343 0109 3F        		.byte	63
 344 010a 40        		.byte	64
 345 010b 40        		.byte	64
 346 010c 40        		.byte	64
 347 010d 3F        		.byte	63
 348 010e 1F        		.byte	31
 349 010f 20        		.byte	32
 350 0110 40        		.byte	64
 351 0111 20        		.byte	32
 352 0112 1F        		.byte	31
 353 0113 7F        		.byte	127
 354 0114 20        		.byte	32
 355 0115 10        		.byte	16
 356 0116 20        		.byte	32
 357 0117 7F        		.byte	127
 358 0118 41        		.byte	65
 359 0119 22        		.byte	34
 360 011a 1C        		.byte	28
 361 011b 22        		.byte	34
 362 011c 41        		.byte	65
 363 011d 07        		.byte	7
 364 011e 08        		.byte	8
 365 011f 70        		.byte	112
 366 0120 08        		.byte	8
 367 0121 07        		.byte	7
 368 0122 61        		.byte	97
 369 0123 51        		.byte	81
 370 0124 49        		.byte	73
 371 0125 45        		.byte	69
 372 0126 43        		.byte	67
 373 0127 00        		.byte	0
 374 0128 7F        		.byte	127
 375 0129 41        		.byte	65
 376 012a 00        		.byte	0
 377 012b 00        		.byte	0
 378 012c 02        		.byte	2
 379 012d 04        		.byte	4
 380 012e 08        		.byte	8
 381 012f 10        		.byte	16
 382 0130 20        		.byte	32
 383 0131 00        		.byte	0
 384 0132 00        		.byte	0
 385 0133 41        		.byte	65
 386 0134 7F        		.byte	127
 387 0135 00        		.byte	0
 388 0136 04        		.byte	4
 389 0137 02        		.byte	2
 390 0138 01        		.byte	1
 391 0139 02        		.byte	2
 392 013a 04        		.byte	4
 393 013b 40        		.byte	64
 394 013c 40        		.byte	64
 395 013d 40        		.byte	64
 396 013e 40        		.byte	64
 397 013f 40        		.byte	64
 398 0140 00        		.byte	0
 399 0141 01        		.byte	1
GAS LISTING /tmp/ccvFmfbZ.s 			page 8


 400 0142 02        		.byte	2
 401 0143 04        		.byte	4
 402 0144 00        		.byte	0
 403 0145 20        		.byte	32
 404 0146 54        		.byte	84
 405 0147 54        		.byte	84
 406 0148 54        		.byte	84
 407 0149 78        		.byte	120
 408 014a 7F        		.byte	127
 409 014b 44        		.byte	68
 410 014c 44        		.byte	68
 411 014d 44        		.byte	68
 412 014e 38        		.byte	56
 413 014f 38        		.byte	56
 414 0150 44        		.byte	68
 415 0151 44        		.byte	68
 416 0152 44        		.byte	68
 417 0153 44        		.byte	68
 418 0154 38        		.byte	56
 419 0155 44        		.byte	68
 420 0156 44        		.byte	68
 421 0157 44        		.byte	68
 422 0158 7F        		.byte	127
 423 0159 38        		.byte	56
 424 015a 54        		.byte	84
 425 015b 54        		.byte	84
 426 015c 54        		.byte	84
 427 015d 18        		.byte	24
 428 015e 04        		.byte	4
 429 015f 04        		.byte	4
 430 0160 7E        		.byte	126
 431 0161 05        		.byte	5
 432 0162 05        		.byte	5
 433 0163 08        		.byte	8
 434 0164 54        		.byte	84
 435 0165 54        		.byte	84
 436 0166 54        		.byte	84
 437 0167 3C        		.byte	60
 438 0168 7F        		.byte	127
 439 0169 08        		.byte	8
 440 016a 04        		.byte	4
 441 016b 04        		.byte	4
 442 016c 78        		.byte	120
 443 016d 00        		.byte	0
 444 016e 44        		.byte	68
 445 016f 7D        		.byte	125
 446 0170 40        		.byte	64
 447 0171 00        		.byte	0
 448 0172 20        		.byte	32
 449 0173 40        		.byte	64
 450 0174 44        		.byte	68
 451 0175 3D        		.byte	61
 452 0176 00        		.byte	0
 453 0177 7F        		.byte	127
 454 0178 10        		.byte	16
 455 0179 28        		.byte	40
 456 017a 44        		.byte	68
GAS LISTING /tmp/ccvFmfbZ.s 			page 9


 457 017b 00        		.byte	0
 458 017c 00        		.byte	0
 459 017d 41        		.byte	65
 460 017e 7F        		.byte	127
 461 017f 40        		.byte	64
 462 0180 00        		.byte	0
 463 0181 7C        		.byte	124
 464 0182 04        		.byte	4
 465 0183 78        		.byte	120
 466 0184 04        		.byte	4
 467 0185 78        		.byte	120
 468 0186 7C        		.byte	124
 469 0187 08        		.byte	8
 470 0188 04        		.byte	4
 471 0189 04        		.byte	4
 472 018a 78        		.byte	120
 473 018b 38        		.byte	56
 474 018c 44        		.byte	68
 475 018d 44        		.byte	68
 476 018e 44        		.byte	68
 477 018f 38        		.byte	56
 478 0190 7C        		.byte	124
 479 0191 14        		.byte	20
 480 0192 14        		.byte	20
 481 0193 14        		.byte	20
 482 0194 08        		.byte	8
 483 0195 08        		.byte	8
 484 0196 14        		.byte	20
 485 0197 14        		.byte	20
 486 0198 14        		.byte	20
 487 0199 7C        		.byte	124
 488 019a 00        		.byte	0
 489 019b 7C        		.byte	124
 490 019c 08        		.byte	8
 491 019d 04        		.byte	4
 492 019e 04        		.byte	4
 493 019f 48        		.byte	72
 494 01a0 54        		.byte	84
 495 01a1 54        		.byte	84
 496 01a2 54        		.byte	84
 497 01a3 20        		.byte	32
 498 01a4 04        		.byte	4
 499 01a5 04        		.byte	4
 500 01a6 3F        		.byte	63
 501 01a7 44        		.byte	68
 502 01a8 44        		.byte	68
 503 01a9 3C        		.byte	60
 504 01aa 40        		.byte	64
 505 01ab 40        		.byte	64
 506 01ac 20        		.byte	32
 507 01ad 7C        		.byte	124
 508 01ae 1C        		.byte	28
 509 01af 20        		.byte	32
 510 01b0 40        		.byte	64
 511 01b1 20        		.byte	32
 512 01b2 1C        		.byte	28
 513 01b3 3C        		.byte	60
GAS LISTING /tmp/ccvFmfbZ.s 			page 10


 514 01b4 40        		.byte	64
 515 01b5 30        		.byte	48
 516 01b6 40        		.byte	64
 517 01b7 3C        		.byte	60
 518 01b8 44        		.byte	68
 519 01b9 28        		.byte	40
 520 01ba 10        		.byte	16
 521 01bb 28        		.byte	40
 522 01bc 44        		.byte	68
 523 01bd 0C        		.byte	12
 524 01be 50        		.byte	80
 525 01bf 50        		.byte	80
 526 01c0 50        		.byte	80
 527 01c1 3C        		.byte	60
 528 01c2 44        		.byte	68
 529 01c3 64        		.byte	100
 530 01c4 54        		.byte	84
 531 01c5 4C        		.byte	76
 532 01c6 44        		.byte	68
 533 01c7 00        		.byte	0
 534 01c8 08        		.byte	8
 535 01c9 36        		.byte	54
 536 01ca 41        		.byte	65
 537 01cb 41        		.byte	65
 538 01cc 00        		.byte	0
 539 01cd 00        		.byte	0
 540 01ce 7F        		.byte	127
 541 01cf 00        		.byte	0
 542 01d0 00        		.byte	0
 543 01d1 41        		.byte	65
 544 01d2 41        		.byte	65
 545 01d3 36        		.byte	54
 546 01d4 08        		.byte	8
 547 01d5 00        		.byte	0
 548 01d6 02        		.byte	2
 549 01d7 01        		.byte	1
 550 01d8 02        		.byte	2
 551 01d9 04        		.byte	4
 552 01da 02        		.byte	2
 553               		.stabs	"font5x7:G(0,16)=ar(0,17)=r(0,17);0;0177777;;0;474;(0,18)=k(4,2)",32,0,12,0
 554               		.text
 555               		.stabs	"",100,0,0,.Letext0
 556               	.Letext0:
 557               		.ident	"GCC: (GNU) 4.7.2"
GAS LISTING /tmp/ccvFmfbZ.s 			page 11


DEFINED SYMBOLS
                            *ABS*:0000000000000000 font.c
     /tmp/ccvFmfbZ.s:2      *ABS*:000000000000003e __SP_H__
     /tmp/ccvFmfbZ.s:3      *ABS*:000000000000003d __SP_L__
     /tmp/ccvFmfbZ.s:4      *ABS*:000000000000003f __SREG__
     /tmp/ccvFmfbZ.s:5      *ABS*:0000000000000000 __tmp_reg__
     /tmp/ccvFmfbZ.s:6      *ABS*:0000000000000001 __zero_reg__
     /tmp/ccvFmfbZ.s:77     .progmem.data:0000000000000000 font5x7

NO UNDEFINED SYMBOLS
